<?xml version="1.0" encoding="UTF-8" standalone="no"?>
<testsuite errors="0" failures="0" name="io.cucumber.core.plugin.JUnitFormatter" skipped="0" tests="3" time="88.221">
    <testcase classname="feature to test login functionality" name="User logs into the system" time="22.697">
        <system-out><![CDATA[Given The user is on login page.............................................passed
When The user enters valid details..........................................passed
And The user clicks on captcha..............................................passed
And The user clicks on login button.........................................passed
Then The user is navigated to dashboard.....................................passed
]]></system-out>
    </testcase>
    <testcase classname="feature to test adding new contact functionality" name="Add new contacts" time="34.373">
        <system-out><![CDATA[Given The user is on dashboard..............................................passed
And User clicks on the new contact button...................................passed
When user clicks on choose contact dropdown field and selects the new contact.passed
And User adds valid inputs..................................................passed
And User selects checkboxes as needed.......................................passed
Then The user clicks on the save changes button.............................passed
]]></system-out>
    </testcase>
    <testcase classname="feature to test signup functionality" name="User creates an account" time="30.972">
        <system-out><![CDATA[Given The user is on registration page......................................passed
When The user inputs valid details..........................................passed
And The user selects captcha................................................passed
And User clicks on register button..........................................passed
Then navigated to dashboard.................................................passed
]]></system-out>
    </testcase>
</testsuite>
